<?xml version="1.0" encoding="UTF-8"?>
<!-- Generated by org.testng.reporters.JUnitReportReporter -->
<testsuite skipped="0" hostname="Hilmi" name="com.testing.qa.JLabsAssignment.Assignment5.APITestAfterRefactor" tests="2" failures="0" timestamp="2022-08-12T23:10:25 ICT" time="2.969" errors="0">
  <testcase name="ConfigAPI" time="1.351" classname="com.testing.qa.JLabsAssignment.Assignment5.APITestAfterRefactor"/>
  <system-out/>
  <testcase name="getNewUsersAPI" time="1.618" classname="com.testing.qa.JLabsAssignment.Assignment5.APITestAfterRefactor"/>
  <system-out/>
</testsuite> <!-- com.testing.qa.JLabsAssignment.Assignment5.APITestAfterRefactor -->
